********************************************************************************
DUPLICATOR-LITE PACKAGE-LOG: 24 de March de 2021 16:50
NOTICE: Do NOT post to public sites or forums 
********************************************************************************
VERSION:	1.4.0
WORDPRESS:	5.7
PHP INFO:	7.3.27 | SAPI: cgi-fcgi
SERVER:		Apache 
PHP TIME LIMIT: (0) no time limit imposed 
PHP MAX MEMORY: 4294967296 (256M default) 
MEMORY STACK: 54.5MB

********************************************************************************
DATABASE:
********************************************************************************
BUILD MODE:   MYSQLDUMP
MYSQLTIMEOUT: 5000
MYSQLDUMP:    Is Supported
SQL CREATED: 20210313_multidelivery_1119d9720cc6a7fa1437_20210324164957_database.sql
SQL FILE SIZE: 1.3MB (1360547)
SQL FILE TIME: 2021-03-24 16:50:06
SQL RUNTIME: 0.26 sec.

********************************************************************************
ARCHIVE (ZIP):
********************************************************************************
ARCHIVE DIR:  /home2/curs9264/mandaumzap.com/home
ARCHIVE FILE: 20210313_multidelivery_1119d9720cc6a7fa1437_20210324164957_archive.zip
FILTERS: *OFF*
DIRS:
	not set
FILES:
	not set
EXTS:  not set
----------------------------------------
COMPRESSING
SIZE:	301.13MB
STATS:	Dirs 1,058 | Files 7,365
SQL ADDED: 20210313_multidelivery_1119d9720cc6a7fa1437_20210324164957_database.sql
ZipArchive Object
(
    [status] => 0
    [statusSys] => 0
    [numFiles] => 8423
    [filename] => /home2/curs9264/mandaumzap.com/home/wp-content/backups-dup-lite/tmp/20210313_multidelivery_1119d9720cc6a7fa1437_20210324164957_archive.zip
    [comment] => 
)

FILE ADDED TO ZIP: 8422
COMPRESSION RESULT: '1'
COMPRESSED SIZE: 190.7MB
ARCHIVE RUNTIME: 41.46 sec.
MEMORY STACK: 56.5MB
building installer
add_extra_files1
add_extra_files2
add_extra_files3
add_extra_files4
Doing archive file check
add_extra_files5
add_extra_files6
add_extra_files8
Successfully opened zip /home2/curs9264/mandaumzap.com/home/wp-content/backups-dup-lite/tmp/20210313_multidelivery_1119d9720cc6a7fa1437_20210324164957_archive.zip
Adding enhanced installer files to archive using ZipArchive
Installer files added to archive
Added to archive
After ziparchive close when adding installer

********************************************************************************
INTEGRITY CHECKS:
********************************************************************************
SQL FILE: 1.3MB
INSTALLER FILE: 63.96KB
ARCHIVE FILE: 192.24MB 
EXPECTED FILE/DIRECTORY COUNT: 8,423
ACTUAL FILE/DIRECTORY COUNT: 8,422
ARCHIVE CONSISTENCY TEST: Pass

********************************************************************************
RECORD ID:[2]
TOTAL PROCESS RUNTIME: 47.18 sec.
PEAK PHP MEMORY USED: 58.5MB
DONE PROCESSING => 20210313_multidelivery 24 de March de 2021 16:50

